<!DOCTYPE html PUBLIC "-//W3C//DTD XHTML 1.1//EN" "http://www.w3.org/TR/xhtml11/DTD/xhtml11.dtd">
<html xmlns="http://www.w3.org/1999/xhtml">
<head>
<title>TestNG Report</title>
<style type="text/css">
table {margin-bottom:10px;border-collapse:collapse;empty-cells:show}
td,th {border:1px solid #009;padding:.25em .5em}
.result th {vertical-align:bottom}
.param th {padding-left:1em;padding-right:1em}
.param td {padding-left:.5em;padding-right:2em}
.stripe td,.stripe th {background-color: #E6EBF9}
.numi,.numi_attn {text-align:right}
.total td {font-weight:bold}
.passedodd td {background-color: #0A0}
.passedeven td {background-color: #3F3}
.skippedodd td {background-color: #CCC}
.skippedodd td {background-color: #DDD}
.failedodd td,.numi_attn {background-color: #F33}
.failedeven td,.stripe .numi_attn {background-color: #D00}
.stacktrace {white-space:pre;font-family:monospace}
.totop {font-size:85%;text-align:center;border-bottom:2px solid #000}
</style>
</head>
<body>
<center><h1>TestNG Customized Report - 2017/10/10 19:07:49</h1></center><table cellspacing="0" cellpadding="0" class="testOverview">
<tr><th>Test</th><th>Methods<br/>Passed</th><th># skipped</th><th># failed</th><th>Browser</th><th>Start<br/>Time</th><th>End<br/>Time</th><th>Total<br/>Time(hh:mm:ss)</th><th>Included<br/>Groups</th><th>Excluded<br/>Groups</th></tr>
<tr><th colspan="10">Parallel test suite</th></tr>
<tr><td style="text-align:left;padding-right:2em"><a href="#t1"><b>" + label + "</b></a>" + "</td><td class="numi">0</td><td class="numi_attn">2</td><td class="numi">0</td><td class="numi">null</td></td>
<td class="numi">07:07:31</td></td>
<td class="numi">07:07:32</td></td>
<td class="numi">00:00:00</td><td class="numi"></td><td class="numi"></td></tr>
<tr class="stripe"><td style="text-align:left;padding-right:2em"><a href="#t2"><b>" + label + "</b></a>" + "</td><td class="numi">1</td><td class="numi">0</td><td class="numi">0</td><td class="numi">null</td></td>
<td class="numi">07:07:31</td></td>
<td class="numi">07:07:49</td></td>
<td class="numi">00:00:17</td><td class="numi"></td><td class="numi"></td></tr>
<tr class="total"><td>Total</td>
<td class="numi">1</td><td class="numi_attn">2</td><td class="numi">0</td><td class="numi"> </td><td class="numi"> </td><td class="numi"> </td><td class="numi">00:00:17</td><td colspan="3">&nbsp;</td></tr>
</table>
<table cellspacing="0" cellpadding="0" class="methodOverview" id="summary">
<tr><th>Class</th><th>Method</th><th>Exception Info</th><th>Start Time </th><th>Execution Time<br/>(hh:mm:ss)</th></tr>
<tr><th colspan="5">Parallel test suite</th></tr>
<tr id="t1"><th colspan="5">ChromeTest1 &#8212; failed (configuration methods)</th></tr>
<tr class="failedodd"><td>com.selenium.Test.UIMainscript</td><td><a href="#m1"><b>loadconfig</b>  </a></td><td class="numi" style="text-align:left;padding-right:2em">com.selenium.exception.PropertiesHandleException: ERROR IN RETRIVING DATA FROM -- RootFolder<br/></td><td style="text-align:right">07:07:31</td><td class="numi">00:00:00</td></tr>
<tr><th colspan="5">ChromeTest1 &#8212; skipped (configuration methods)</th></tr>
<tr class="skippedodd"><td>com.selenium.Test.UIMainscript</td><td><a href="#m2"><b>close</b>  </a></td><td class="numi" style="text-align:left;padding-right:2em"><br/></td><td style="text-align:right">07:07:32</td><td class="numi">00:00:00</td></tr>
<tr><th colspan="5">ChromeTest1 &#8212; skipped</th></tr>
<tr class="skippedodd"><td rowspan="2">com.selenium.Test.UIMainscript</td><td><a href="#m3"><b>Login</b>  </a></td><td class="numi" style="text-align:left;padding-right:2em">com.selenium.exception.PropertiesHandleException: ERROR IN RETRIVING DATA FROM -- RootFolder<br/></td><td style="text-align:right">07:07:32</td><td class="numi">00:00:00</td></tr><tr class="skippedodd"><td><a href="#m4"><b>UITest</b>  </a></td><td class="numi" style="text-align:left;padding-right:2em">java.lang.Throwable: Method UIMainscript.UITest(java.lang.Integer, java.lang.Object, java.lang.Object)[pri:0, instance:com.selenium.Test.UIMainscript@29774679] depends on not successfully finished methods<br/></td><td style="text-align:right">07:07:32</td><td class="numi">00:00:00</td></tr>
<tr id="t2"><th colspan="5">ChromeTest2 &#8212; passed</th></tr>
<tr class="passedodd"><td>com.selenium.Test.UIMainscript</td><td><a href="#m5"><b>Login</b>  </a></td><td class="numi" style="text-align:left;padding-right:2em"><br/></td><td style="text-align:right">07:07:36</td><td class="numi">00:00:13</td></tr>
</table>
<h1>ChromeTest1</h1>
<h2 id="m1">com.selenium.Test.UIMainscript:loadconfig</h2>
<table cellspacing="0" cellpadding="0" class="result">
<tr class="param"><th>Param.1</th><th>Param.2</th><th>Param.3</th><th>Param.4</th><th>Param.5</th><th>Param.6</th><th>Param.7</th><th>Param.8</th><th>Param.9</th><th>Param.10</th></tr>
<tr class="param stripe"><td>STARR-ASSIST</td>
<td>Quote</td>
<td>QA</td>
<td>Y</td>
<td>com.mysql.jdbc.Driver</td>
<td>jdbc:mysql://192.168.35.2:3391/SeleniumConfig</td>
<td>root</td>
<td>password</td>
<td>chrome</td>
<td>ActualOnly</td>
</tr>
<tr><td colspan="10">
<div class="stacktrace">com.selenium.exception.PropertiesHandleException: ERROR IN RETRIVING DATA FROM -- RootFolder
	at com.selenium.Configuration.PropertiesHandle.RdmsValue(PropertiesHandle.java:117)
	at com.selenium.Configuration.PropertiesHandle.ScreenshotPath(PropertiesHandle.java:191)
	at com.selenium.Configuration.PropertiesHandle.WriteProperty(PropertiesHandle.java:80)
	at com.selenium.Configuration.PropertiesHandle.&lt;init&gt;(PropertiesHandle.java:50)
	at com.selenium.Test.UIMainscript.loadconfig(UIMainscript.java:80)
	at java.util.concurrent.FutureTask.run(FutureTask.java:266)
	at java.util.concurrent.ThreadPoolExecutor.runWorker(ThreadPoolExecutor.java:1142)
	at java.util.concurrent.ThreadPoolExecutor$Worker.run(ThreadPoolExecutor.java:617)
	at java.lang.Thread.run(Thread.java:745)
Caused by: com.selenium.exception.DatabaseException: PROBLEM WITH RESULT-SET OBTAINED FROM DB
	at com.selenium.SupportingClasses.DatabaseOperation.GetDataObjects(DatabaseOperation.java:118)
	at com.selenium.Configuration.PropertiesHandle.RdmsValue(PropertiesHandle.java:107)
	... 24 more
Caused by: com.mysql.jdbc.exceptions.jdbc4.CommunicationsException: Communications link failure

Last packet sent to the server was 6 ms ago.
	at com.mysql.jdbc.Util.handleNewInstance(Util.java:406)
	at com.mysql.jdbc.SQLError.createCommunicationsException(SQLError.java:1074)
	at com.mysql.jdbc.MysqlIO.reuseAndReadPacket(MysqlIO.java:2985)
	at com.mysql.jdbc.MysqlIO.reuseAndReadPacket(MysqlIO.java:2871)
	at com.mysql.jdbc.MysqlIO.checkErrorPacket(MysqlIO.java:3414)
	at com.mysql.jdbc.MysqlIO.sendCommand(MysqlIO.java:1936)
	at com.mysql.jdbc.MysqlIO.sqlQueryDirect(MysqlIO.java:2060)
	at com.mysql.jdbc.ConnectionImpl.execSQL(ConnectionImpl.java:2536)
	at com.mysql.jdbc.ConnectionImpl.execSQL(ConnectionImpl.java:2465)
	at com.mysql.jdbc.StatementImpl.executeQuery(StatementImpl.java:1383)
	at com.selenium.SupportingClasses.DatabaseOperation.GetDataObjects(DatabaseOperation.java:99)
	... 25 more
Caused by: java.net.SocketException: Socket closed
	at java.net.SocketInputStream.socketRead0(Native Method)
	at java.net.SocketInputStream.socketRead(SocketInputStream.java:116)
	at java.net.SocketInputStream.read(SocketInputStream.java:170)
	at java.net.SocketInputStream.read(SocketInputStream.java:141)
	at com.mysql.jdbc.util.ReadAheadInputStream.fill(ReadAheadInputStream.java:113)
	at com.mysql.jdbc.util.ReadAheadInputStream.readFromUnderlyingStreamIfNecessary(ReadAheadInputStream.java:160)
	at com.mysql.jdbc.util.ReadAheadInputStream.read(ReadAheadInputStream.java:188)
	at com.mysql.jdbc.MysqlIO.readFully(MysqlIO.java:2428)
	at com.mysql.jdbc.MysqlIO.reuseAndReadPacket(MysqlIO.java:2882)
	... 33 more
... Removed 20 stack frames</div>
</td></tr>
</table>
<p class="totop"><a href="#summary">back to summary</a></p>
<h2 id="m2">com.selenium.Test.UIMainscript:close</h2>
<p class="totop"><a href="#summary">back to summary</a></p>
<h2 id="m3">com.selenium.Test.UIMainscript:Login</h2>
<div>
<div class="stacktrace">com.selenium.exception.PropertiesHandleException: ERROR IN RETRIVING DATA FROM -- RootFolder
	at com.selenium.Configuration.PropertiesHandle.RdmsValue(PropertiesHandle.java:117)
	at com.selenium.Configuration.PropertiesHandle.ScreenshotPath(PropertiesHandle.java:191)
	at com.selenium.Configuration.PropertiesHandle.WriteProperty(PropertiesHandle.java:80)
	at com.selenium.Configuration.PropertiesHandle.&lt;init&gt;(PropertiesHandle.java:50)
	at com.selenium.Test.UIMainscript.loadconfig(UIMainscript.java:80)
	at java.util.concurrent.FutureTask.run(FutureTask.java:266)
	at java.util.concurrent.ThreadPoolExecutor.runWorker(ThreadPoolExecutor.java:1142)
	at java.util.concurrent.ThreadPoolExecutor$Worker.run(ThreadPoolExecutor.java:617)
	at java.lang.Thread.run(Thread.java:745)
Caused by: com.selenium.exception.DatabaseException: PROBLEM WITH RESULT-SET OBTAINED FROM DB
	at com.selenium.SupportingClasses.DatabaseOperation.GetDataObjects(DatabaseOperation.java:118)
	at com.selenium.Configuration.PropertiesHandle.RdmsValue(PropertiesHandle.java:107)
	... 24 more
Caused by: com.mysql.jdbc.exceptions.jdbc4.CommunicationsException: Communications link failure

Last packet sent to the server was 6 ms ago.
	at com.mysql.jdbc.Util.handleNewInstance(Util.java:406)
	at com.mysql.jdbc.SQLError.createCommunicationsException(SQLError.java:1074)
	at com.mysql.jdbc.MysqlIO.reuseAndReadPacket(MysqlIO.java:2985)
	at com.mysql.jdbc.MysqlIO.reuseAndReadPacket(MysqlIO.java:2871)
	at com.mysql.jdbc.MysqlIO.checkErrorPacket(MysqlIO.java:3414)
	at com.mysql.jdbc.MysqlIO.sendCommand(MysqlIO.java:1936)
	at com.mysql.jdbc.MysqlIO.sqlQueryDirect(MysqlIO.java:2060)
	at com.mysql.jdbc.ConnectionImpl.execSQL(ConnectionImpl.java:2536)
	at com.mysql.jdbc.ConnectionImpl.execSQL(ConnectionImpl.java:2465)
	at com.mysql.jdbc.StatementImpl.executeQuery(StatementImpl.java:1383)
	at com.selenium.SupportingClasses.DatabaseOperation.GetDataObjects(DatabaseOperation.java:99)
	... 25 more
Caused by: java.net.SocketException: Socket closed
	at java.net.SocketInputStream.socketRead0(Native Method)
	at java.net.SocketInputStream.socketRead(SocketInputStream.java:116)
	at java.net.SocketInputStream.read(SocketInputStream.java:170)
	at java.net.SocketInputStream.read(SocketInputStream.java:141)
	at com.mysql.jdbc.util.ReadAheadInputStream.fill(ReadAheadInputStream.java:113)
	at com.mysql.jdbc.util.ReadAheadInputStream.readFromUnderlyingStreamIfNecessary(ReadAheadInputStream.java:160)
	at com.mysql.jdbc.util.ReadAheadInputStream.read(ReadAheadInputStream.java:188)
	at com.mysql.jdbc.MysqlIO.readFully(MysqlIO.java:2428)
	at com.mysql.jdbc.MysqlIO.reuseAndReadPacket(MysqlIO.java:2882)
	... 33 more
... Removed 20 stack frames</div>
</div>
<p class="totop"><a href="#summary">back to summary</a></p>
<h2 id="m4">com.selenium.Test.UIMainscript:UITest</h2>
<div>
<div class="stacktrace">java.lang.Throwable: Method UIMainscript.UITest(java.lang.Integer, java.lang.Object, java.lang.Object)[pri:0, instance:com.selenium.Test.UIMainscript@29774679] depends on not successfully finished methods
	at java.util.concurrent.FutureTask.run(FutureTask.java:266)
	at java.util.concurrent.ThreadPoolExecutor.runWorker(ThreadPoolExecutor.java:1142)
	at java.util.concurrent.ThreadPoolExecutor$Worker.run(ThreadPoolExecutor.java:617)
	at java.lang.Thread.run(Thread.java:745)
... Removed 9 stack frames</div>
</div>
<p class="totop"><a href="#summary">back to summary</a></p>
<h1>ChromeTest2</h1>
<h2 id="m5">com.selenium.Test.UIMainscript:Login</h2>
<p class="totop"><a href="#summary">back to summary</a></p>
<center> TestNG Report </center>
</body></html>
