<?xml version="1.0" encoding="UTF-8"?>
<!-- Generated by org.testng.reporters.JUnitXMLReporter -->
<testsuite hostname="C1128" ignored="0" name="Test" tests="2" failures="0" timestamp="03 Feb 2018 04:37:29 GMT" time="0.379" errors="0">
  <testcase name="@BeforeClass setUpClass" time="0.0" classname="cucumber.api.testng.AbstractTestNGCucumberTests">
    <failure type="cucumber.runtime.CucumberException" message="You&amp;apos;re not allowed to extend classes that define Step Definitions or hooks. class StepDefinition.BaseUtil extends class StepDefinition.CukHooks">
      <![CDATA[cucumber.runtime.CucumberException: You're not allowed to extend classes that define Step Definitions or hooks. class StepDefinition.BaseUtil extends class StepDefinition.CukHooks
	at cucumber.runtime.java.MethodScanner.scan(MethodScanner.java:63)
	at cucumber.runtime.java.MethodScanner.scan(MethodScanner.java:41)
	at cucumber.runtime.java.JavaBackend.loadGlue(JavaBackend.java:86)
	at cucumber.runtime.Runtime.<init>(Runtime.java:92)
	at cucumber.runtime.Runtime.<init>(Runtime.java:70)
	at cucumber.runtime.Runtime.<init>(Runtime.java:66)
	at cucumber.api.testng.TestNGCucumberRunner.<init>(TestNGCucumberRunner.java:42)
	at cucumber.api.testng.AbstractTestNGCucumberTests.setUpClass(AbstractTestNGCucumberTests.java:16)
... Removed 25 stack frames]]>
    </failure>
  </testcase> <!-- @BeforeClass setUpClass -->
  <testcase name="@AfterClass tearDownClass" time="0.0" classname="cucumber.api.testng.AbstractTestNGCucumberTests">
    <failure type="java.lang.NullPointerException">
      <![CDATA[java.lang.NullPointerException
	at cucumber.api.testng.AbstractTestNGCucumberTests.tearDownClass(AbstractTestNGCucumberTests.java:34)
... Removed 25 stack frames]]>
    </failure>
  </testcase> <!-- @AfterClass tearDownClass -->
  <testcase name="feature" time="0.0" classname="cucumber.api.testng.AbstractTestNGCucumberTests">
    <skipped/>
  </testcase> <!-- feature -->
  <testcase name="Test" time="0.001" classname="CucumberRunnerClass.RunCucumber">
    <skipped/>
  </testcase> <!-- Test -->
</testsuite> <!-- Test -->
