<?xml version="1.0" encoding="UTF-8"?>
<!-- Generated by org.testng.reporters.JUnitXMLReporter -->
<testsuite hostname="C1128" ignored="0" name="Test1" tests="51" failures="0" timestamp="17 Apr 2018 12:46:03 GMT" time="0.916" errors="0">
  <testcase name="@BeforeMethod setUp" time="0.422" classname="com.selenium.Test.BaseSuite">
    <failure type="org.openqa.selenium.SessionNotCreatedException" message="Unable to create new remote session. desired capabilities = Capabilities [{browserName=chrome, version=, platform=LINUX}], required capabilities = Capabilities [{}]
Build info: version: &amp;apos;3.0.1&amp;apos;, revision: &amp;apos;1969d75&amp;apos;, time: &amp;apos;2016-10-18 09:49:13 -0700&amp;apos;
System info: host: &amp;apos;C1128&amp;apos;, ip: &amp;apos;192.168.4.131&amp;apos;, os.name: &amp;apos;Windows 7&amp;apos;, os.arch: &amp;apos;amd64&amp;apos;, os.version: &amp;apos;6.1&amp;apos;, java.version: &amp;apos;1.8.0_73&amp;apos;
Driver info: driver.version: RemoteWebDriver">
      <![CDATA[org.openqa.selenium.SessionNotCreatedException: Unable to create new remote session. desired capabilities = Capabilities [{browserName=chrome, version=, platform=LINUX}], required capabilities = Capabilities [{}]Build info: version: '3.0.1', revision: '1969d75', time: '2016-10-18 09:49:13 -0700'System info: host: 'C1128', ip: '192.168.4.131', os.name: 'Windows 7', os.arch: 'amd64', os.version: '6.1', java.version: '1.8.0_73'Driver info: driver.version: RemoteWebDriverat org.openqa.selenium.remote.ProtocolHandshake.createSession(ProtocolHandshake.java:91)at org.openqa.selenium.remote.HttpCommandExecutor.execute(HttpCommandExecutor.java:141)at org.openqa.selenium.remote.RemoteWebDriver.execute(RemoteWebDriver.java:601)at org.openqa.selenium.remote.RemoteWebDriver.startSession(RemoteWebDriver.java:241)at org.openqa.selenium.remote.RemoteWebDriver.<init>(RemoteWebDriver.java:128)at org.openqa.selenium.remote.RemoteWebDriver.<init>(RemoteWebDriver.java:155)at com.selenium.Test.BaseSuite.launchRemoteBrowser(BaseSuite.java:112)at com.selenium.Test.BaseSuite.setUp(BaseSuite.java:38)at java.util.concurrent.FutureTask.run(FutureTask.java:266)at java.util.concurrent.Executors$RunnableAdapter.call(Executors.java:511)at java.util.concurrent.FutureTask.run(FutureTask.java:266)at java.util.concurrent.ThreadPoolExecutor.runWorker(ThreadPoolExecutor.java:1142)at java.util.concurrent.ThreadPoolExecutor$Worker.run(ThreadPoolExecutor.java:617)at java.lang.Thread.run(Thread.java:745)... Removed 12 stack frames]]>
    </failure>
  </testcase> <!-- @BeforeMethod setUp -->
  <testcase name="@BeforeMethod setUp" time="0.415" classname="com.selenium.Test.BaseSuite">
    <failure type="org.openqa.selenium.SessionNotCreatedException" message="Unable to create new remote session. desired capabilities = Capabilities [{browserName=chrome, version=, platform=LINUX}], required capabilities = Capabilities [{}]
Build info: version: &amp;apos;3.0.1&amp;apos;, revision: &amp;apos;1969d75&amp;apos;, time: &amp;apos;2016-10-18 09:49:13 -0700&amp;apos;
System info: host: &amp;apos;C1128&amp;apos;, ip: &amp;apos;192.168.4.131&amp;apos;, os.name: &amp;apos;Windows 7&amp;apos;, os.arch: &amp;apos;amd64&amp;apos;, os.version: &amp;apos;6.1&amp;apos;, java.version: &amp;apos;1.8.0_73&amp;apos;
Driver info: driver.version: RemoteWebDriver">
      <![CDATA[org.openqa.selenium.SessionNotCreatedException: Unable to create new remote session. desired capabilities = Capabilities [{browserName=chrome, version=, platform=LINUX}], required capabilities = Capabilities [{}]Build info: version: '3.0.1', revision: '1969d75', time: '2016-10-18 09:49:13 -0700'System info: host: 'C1128', ip: '192.168.4.131', os.name: 'Windows 7', os.arch: 'amd64', os.version: '6.1', java.version: '1.8.0_73'Driver info: driver.version: RemoteWebDriverat org.openqa.selenium.remote.ProtocolHandshake.createSession(ProtocolHandshake.java:91)at org.openqa.selenium.remote.HttpCommandExecutor.execute(HttpCommandExecutor.java:141)at org.openqa.selenium.remote.RemoteWebDriver.execute(RemoteWebDriver.java:601)at org.openqa.selenium.remote.RemoteWebDriver.startSession(RemoteWebDriver.java:241)at org.openqa.selenium.remote.RemoteWebDriver.<init>(RemoteWebDriver.java:128)at org.openqa.selenium.remote.RemoteWebDriver.<init>(RemoteWebDriver.java:155)at com.selenium.Test.BaseSuite.launchRemoteBrowser(BaseSuite.java:112)at com.selenium.Test.BaseSuite.setUp(BaseSuite.java:38)at java.util.concurrent.FutureTask.run(FutureTask.java:266)at java.util.concurrent.Executors$RunnableAdapter.call(Executors.java:511)at java.util.concurrent.FutureTask.run(FutureTask.java:266)at java.util.concurrent.ThreadPoolExecutor.runWorker(ThreadPoolExecutor.java:1142)at java.util.concurrent.ThreadPoolExecutor$Worker.run(ThreadPoolExecutor.java:617)at java.lang.Thread.run(Thread.java:745)... Removed 12 stack frames]]>
    </failure>
  </testcase> <!-- @BeforeMethod setUp -->
  <testcase name="@BeforeMethod Login" time="0.0" classname="NITICTestCases.NITICCreateQuoteTest">
    <skipped/>
  </testcase> <!-- @BeforeMethod Login -->
  <testcase name="@BeforeMethod Login" time="0.0" classname="NITICTestCases.NITICCreateQuoteTest">
    <skipped/>
  </testcase> <!-- @BeforeMethod Login -->
  <testcase name="@BeforeMethod setUp" time="0.428" classname="com.selenium.Test.BaseSuite">
    <failure type="org.openqa.selenium.SessionNotCreatedException" message="Unable to create new remote session. desired capabilities = Capabilities [{browserName=chrome, version=, platform=LINUX}], required capabilities = Capabilities [{}]
Build info: version: &amp;apos;3.0.1&amp;apos;, revision: &amp;apos;1969d75&amp;apos;, time: &amp;apos;2016-10-18 09:49:13 -0700&amp;apos;
System info: host: &amp;apos;C1128&amp;apos;, ip: &amp;apos;192.168.4.131&amp;apos;, os.name: &amp;apos;Windows 7&amp;apos;, os.arch: &amp;apos;amd64&amp;apos;, os.version: &amp;apos;6.1&amp;apos;, java.version: &amp;apos;1.8.0_73&amp;apos;
Driver info: driver.version: RemoteWebDriver">
      <![CDATA[org.openqa.selenium.SessionNotCreatedException: Unable to create new remote session. desired capabilities = Capabilities [{browserName=chrome, version=, platform=LINUX}], required capabilities = Capabilities [{}]Build info: version: '3.0.1', revision: '1969d75', time: '2016-10-18 09:49:13 -0700'System info: host: 'C1128', ip: '192.168.4.131', os.name: 'Windows 7', os.arch: 'amd64', os.version: '6.1', java.version: '1.8.0_73'Driver info: driver.version: RemoteWebDriverat org.openqa.selenium.remote.ProtocolHandshake.createSession(ProtocolHandshake.java:91)at org.openqa.selenium.remote.HttpCommandExecutor.execute(HttpCommandExecutor.java:141)at org.openqa.selenium.remote.RemoteWebDriver.execute(RemoteWebDriver.java:601)at org.openqa.selenium.remote.RemoteWebDriver.startSession(RemoteWebDriver.java:241)at org.openqa.selenium.remote.RemoteWebDriver.<init>(RemoteWebDriver.java:128)at org.openqa.selenium.remote.RemoteWebDriver.<init>(RemoteWebDriver.java:155)at com.selenium.Test.BaseSuite.launchRemoteBrowser(BaseSuite.java:112)at com.selenium.Test.BaseSuite.setUp(BaseSuite.java:38)at java.util.concurrent.FutureTask.run(FutureTask.java:266)at java.util.concurrent.Executors$RunnableAdapter.call(Executors.java:511)at java.util.concurrent.FutureTask.run(FutureTask.java:266)at java.util.concurrent.ThreadPoolExecutor.runWorker(ThreadPoolExecutor.java:1142)at java.util.concurrent.ThreadPoolExecutor$Worker.run(ThreadPoolExecutor.java:617)at java.lang.Thread.run(Thread.java:745)... Removed 12 stack frames]]>
    </failure>
  </testcase> <!-- @BeforeMethod setUp -->
  <testcase name="@BeforeMethod setUp" time="0.0" classname="com.selenium.Test.BaseSuite">
    <skipped/>
  </testcase> <!-- @BeforeMethod setUp -->
  <testcase name="@BeforeMethod Login" time="0.0" classname="NITICTestCases.NITICCreateQuoteTest">
    <skipped/>
  </testcase> <!-- @BeforeMethod Login -->
  <testcase name="@BeforeMethod Login" time="0.0" classname="NITICTestCases.NITICCreateQuoteTest">
    <skipped/>
  </testcase> <!-- @BeforeMethod Login -->
  <testcase name="@BeforeMethod setUp" time="0.0" classname="com.selenium.Test.BaseSuite">
    <skipped/>
  </testcase> <!-- @BeforeMethod setUp -->
  <testcase name="@BeforeMethod setUp" time="0.0" classname="com.selenium.Test.BaseSuite">
    <skipped/>
  </testcase> <!-- @BeforeMethod setUp -->
  <testcase name="@BeforeMethod Login" time="0.0" classname="NITICTestCases.NITICCreateQuoteTest">
    <skipped/>
  </testcase> <!-- @BeforeMethod Login -->
  <testcase name="@BeforeMethod setUp" time="0.0" classname="com.selenium.Test.BaseSuite">
    <skipped/>
  </testcase> <!-- @BeforeMethod setUp -->
  <testcase name="@BeforeMethod Login" time="0.0" classname="NITICTestCases.NITICCreateQuoteTest">
    <skipped/>
  </testcase> <!-- @BeforeMethod Login -->
  <testcase name="@BeforeMethod Login" time="0.0" classname="NITICTestCases.NITICCreateQuoteTest">
    <skipped/>
  </testcase> <!-- @BeforeMethod Login -->
  <testcase name="@BeforeMethod setUp" time="0.0" classname="com.selenium.Test.BaseSuite">
    <skipped/>
  </testcase> <!-- @BeforeMethod setUp -->
  <testcase name="@BeforeMethod setUp" time="0.44" classname="com.selenium.Test.BaseSuite">
    <failure type="org.openqa.selenium.SessionNotCreatedException" message="Unable to create new remote session. desired capabilities = Capabilities [{browserName=chrome, version=, platform=LINUX}], required capabilities = Capabilities [{}]
Build info: version: &amp;apos;3.0.1&amp;apos;, revision: &amp;apos;1969d75&amp;apos;, time: &amp;apos;2016-10-18 09:49:13 -0700&amp;apos;
System info: host: &amp;apos;C1128&amp;apos;, ip: &amp;apos;192.168.4.131&amp;apos;, os.name: &amp;apos;Windows 7&amp;apos;, os.arch: &amp;apos;amd64&amp;apos;, os.version: &amp;apos;6.1&amp;apos;, java.version: &amp;apos;1.8.0_73&amp;apos;
Driver info: driver.version: RemoteWebDriver">
      <![CDATA[org.openqa.selenium.SessionNotCreatedException: Unable to create new remote session. desired capabilities = Capabilities [{browserName=chrome, version=, platform=LINUX}], required capabilities = Capabilities [{}]Build info: version: '3.0.1', revision: '1969d75', time: '2016-10-18 09:49:13 -0700'System info: host: 'C1128', ip: '192.168.4.131', os.name: 'Windows 7', os.arch: 'amd64', os.version: '6.1', java.version: '1.8.0_73'Driver info: driver.version: RemoteWebDriverat org.openqa.selenium.remote.ProtocolHandshake.createSession(ProtocolHandshake.java:91)at org.openqa.selenium.remote.HttpCommandExecutor.execute(HttpCommandExecutor.java:141)at org.openqa.selenium.remote.RemoteWebDriver.execute(RemoteWebDriver.java:601)at org.openqa.selenium.remote.RemoteWebDriver.startSession(RemoteWebDriver.java:241)at org.openqa.selenium.remote.RemoteWebDriver.<init>(RemoteWebDriver.java:128)at org.openqa.selenium.remote.RemoteWebDriver.<init>(RemoteWebDriver.java:155)at com.selenium.Test.BaseSuite.launchRemoteBrowser(BaseSuite.java:112)at com.selenium.Test.BaseSuite.setUp(BaseSuite.java:38)at java.util.concurrent.FutureTask.run(FutureTask.java:266)at java.util.concurrent.Executors$RunnableAdapter.call(Executors.java:511)at java.util.concurrent.FutureTask.run(FutureTask.java:266)at java.util.concurrent.ThreadPoolExecutor.runWorker(ThreadPoolExecutor.java:1142)at java.util.concurrent.ThreadPoolExecutor$Worker.run(ThreadPoolExecutor.java:617)at java.lang.Thread.run(Thread.java:745)... Removed 12 stack frames]]>
    </failure>
  </testcase> <!-- @BeforeMethod setUp -->
  <testcase name="@BeforeMethod setUp" time="0.0" classname="com.selenium.Test.BaseSuite">
    <skipped/>
  </testcase> <!-- @BeforeMethod setUp -->
  <testcase name="@BeforeMethod setUp" time="0.0" classname="com.selenium.Test.BaseSuite">
    <skipped/>
  </testcase> <!-- @BeforeMethod setUp -->
  <testcase name="@BeforeMethod Login" time="0.0" classname="NITICTestCases.NITICCreateQuoteTest">
    <skipped/>
  </testcase> <!-- @BeforeMethod Login -->
  <testcase name="@BeforeMethod Login" time="0.0" classname="NITICTestCases.NITICCreateQuoteTest">
    <skipped/>
  </testcase> <!-- @BeforeMethod Login -->
  <testcase name="@BeforeMethod Login" time="0.0" classname="NITICTestCases.NITICCreateQuoteTest">
    <skipped/>
  </testcase> <!-- @BeforeMethod Login -->
  <testcase name="@BeforeMethod setUp" time="0.0" classname="com.selenium.Test.BaseSuite">
    <skipped/>
  </testcase> <!-- @BeforeMethod setUp -->
  <testcase name="@BeforeMethod Login" time="0.0" classname="NITICTestCases.NITICCreateQuoteTest">
    <skipped/>
  </testcase> <!-- @BeforeMethod Login -->
  <testcase name="@BeforeMethod setUp" time="0.0" classname="com.selenium.Test.BaseSuite">
    <skipped/>
  </testcase> <!-- @BeforeMethod setUp -->
  <testcase name="@BeforeMethod Login" time="0.0" classname="NITICTestCases.NITICCreateQuoteTest">
    <skipped/>
  </testcase> <!-- @BeforeMethod Login -->
  <testcase name="@BeforeMethod setUp" time="0.0" classname="com.selenium.Test.BaseSuite">
    <skipped/>
  </testcase> <!-- @BeforeMethod setUp -->
  <testcase name="@BeforeMethod setUp" time="0.0" classname="com.selenium.Test.BaseSuite">
    <skipped/>
  </testcase> <!-- @BeforeMethod setUp -->
  <testcase name="@BeforeMethod Login" time="0.0" classname="NITICTestCases.NITICCreateQuoteTest">
    <skipped/>
  </testcase> <!-- @BeforeMethod Login -->
  <testcase name="@BeforeMethod Login" time="0.0" classname="NITICTestCases.NITICCreateQuoteTest">
    <skipped/>
  </testcase> <!-- @BeforeMethod Login -->
  <testcase name="@BeforeMethod Login" time="0.0" classname="NITICTestCases.NITICCreateQuoteTest">
    <skipped/>
  </testcase> <!-- @BeforeMethod Login -->
  <testcase name="@BeforeMethod setUp" time="0.0" classname="com.selenium.Test.BaseSuite">
    <skipped/>
  </testcase> <!-- @BeforeMethod setUp -->
  <testcase name="@BeforeMethod Login" time="0.0" classname="NITICTestCases.NITICCreateQuoteTest">
    <skipped/>
  </testcase> <!-- @BeforeMethod Login -->
  <testcase name="@BeforeMethod setUp" time="0.0" classname="com.selenium.Test.BaseSuite">
    <skipped/>
  </testcase> <!-- @BeforeMethod setUp -->
  <testcase name="@BeforeMethod Login" time="0.0" classname="NITICTestCases.NITICCreateQuoteTest">
    <skipped/>
  </testcase> <!-- @BeforeMethod Login -->
  <testcase name="@BeforeMethod setUp" time="0.0" classname="com.selenium.Test.BaseSuite">
    <skipped/>
  </testcase> <!-- @BeforeMethod setUp -->
  <testcase name="@BeforeMethod Login" time="0.0" classname="NITICTestCases.NITICCreateQuoteTest">
    <skipped/>
  </testcase> <!-- @BeforeMethod Login -->
  <testcase name="@BeforeMethod setUp" time="0.0" classname="com.selenium.Test.BaseSuite">
    <skipped/>
  </testcase> <!-- @BeforeMethod setUp -->
  <testcase name="@BeforeMethod Login" time="0.0" classname="NITICTestCases.NITICCreateQuoteTest">
    <skipped/>
  </testcase> <!-- @BeforeMethod Login -->
  <testcase name="@BeforeMethod setUp" time="0.0" classname="com.selenium.Test.BaseSuite">
    <skipped/>
  </testcase> <!-- @BeforeMethod setUp -->
  <testcase name="@BeforeMethod setUp" time="0.0" classname="com.selenium.Test.BaseSuite">
    <skipped/>
  </testcase> <!-- @BeforeMethod setUp -->
  <testcase name="@BeforeMethod setUp" time="0.0" classname="com.selenium.Test.BaseSuite">
    <skipped/>
  </testcase> <!-- @BeforeMethod setUp -->
  <testcase name="@BeforeMethod Login" time="0.0" classname="NITICTestCases.NITICCreateQuoteTest">
    <skipped/>
  </testcase> <!-- @BeforeMethod Login -->
  <testcase name="@BeforeMethod Login" time="0.0" classname="NITICTestCases.NITICCreateQuoteTest">
    <skipped/>
  </testcase> <!-- @BeforeMethod Login -->
  <testcase name="@BeforeMethod setUp" time="0.0" classname="com.selenium.Test.BaseSuite">
    <skipped/>
  </testcase> <!-- @BeforeMethod setUp -->
  <testcase name="@BeforeMethod Login" time="0.0" classname="NITICTestCases.NITICCreateQuoteTest">
    <skipped/>
  </testcase> <!-- @BeforeMethod Login -->
  <testcase name="@BeforeMethod Login" time="0.0" classname="NITICTestCases.NITICCreateQuoteTest">
    <skipped/>
  </testcase> <!-- @BeforeMethod Login -->
  <testcase name="@BeforeMethod setUp" time="0.0" classname="com.selenium.Test.BaseSuite">
    <skipped/>
  </testcase> <!-- @BeforeMethod setUp -->
  <testcase name="@BeforeMethod Login" time="0.0" classname="NITICTestCases.NITICCreateQuoteTest">
    <skipped/>
  </testcase> <!-- @BeforeMethod Login -->
  <testcase name="@BeforeMethod setUp" time="0.0" classname="com.selenium.Test.BaseSuite">
    <skipped/>
  </testcase> <!-- @BeforeMethod setUp -->
  <testcase name="@BeforeMethod Login" time="0.0" classname="NITICTestCases.NITICCreateQuoteTest">
    <skipped/>
  </testcase> <!-- @BeforeMethod Login -->
  <testcase name="@BeforeMethod setUp" time="0.0" classname="com.selenium.Test.BaseSuite">
    <skipped/>
  </testcase> <!-- @BeforeMethod setUp -->
  <testcase name="@BeforeMethod Login" time="0.0" classname="NITICTestCases.NITICCreateQuoteTest">
    <skipped/>
  </testcase> <!-- @BeforeMethod Login -->
  <testcase name="@BeforeMethod setUp" time="0.0" classname="com.selenium.Test.BaseSuite">
    <skipped/>
  </testcase> <!-- @BeforeMethod setUp -->
  <testcase name="@BeforeMethod setUp" time="0.0" classname="com.selenium.Test.BaseSuite">
    <skipped/>
  </testcase> <!-- @BeforeMethod setUp -->
  <testcase name="@BeforeMethod Login" time="0.0" classname="NITICTestCases.NITICCreateQuoteTest">
    <skipped/>
  </testcase> <!-- @BeforeMethod Login -->
  <testcase name="@BeforeMethod setUp" time="0.0" classname="com.selenium.Test.BaseSuite">
    <skipped/>
  </testcase> <!-- @BeforeMethod setUp -->
  <testcase name="@BeforeMethod Login" time="0.0" classname="NITICTestCases.NITICCreateQuoteTest">
    <skipped/>
  </testcase> <!-- @BeforeMethod Login -->
  <testcase name="@BeforeMethod setUp" time="0.0" classname="com.selenium.Test.BaseSuite">
    <skipped/>
  </testcase> <!-- @BeforeMethod setUp -->
  <testcase name="@BeforeMethod Login" time="0.0" classname="NITICTestCases.NITICCreateQuoteTest">
    <skipped/>
  </testcase> <!-- @BeforeMethod Login -->
  <testcase name="@BeforeMethod Login" time="0.0" classname="NITICTestCases.NITICCreateQuoteTest">
    <skipped/>
  </testcase> <!-- @BeforeMethod Login -->
  <testcase name="@BeforeMethod setUp" time="0.0" classname="com.selenium.Test.BaseSuite">
    <skipped/>
  </testcase> <!-- @BeforeMethod setUp -->
  <testcase name="@BeforeMethod setUp" time="0.0" classname="com.selenium.Test.BaseSuite">
    <skipped/>
  </testcase> <!-- @BeforeMethod setUp -->
  <testcase name="@BeforeMethod Login" time="0.0" classname="NITICTestCases.NITICCreateQuoteTest">
    <skipped/>
  </testcase> <!-- @BeforeMethod Login -->
  <testcase name="@BeforeMethod setUp" time="0.0" classname="com.selenium.Test.BaseSuite">
    <skipped/>
  </testcase> <!-- @BeforeMethod setUp -->
  <testcase name="@BeforeMethod Login" time="0.0" classname="NITICTestCases.NITICCreateQuoteTest">
    <skipped/>
  </testcase> <!-- @BeforeMethod Login -->
  <testcase name="@BeforeMethod Login" time="0.0" classname="NITICTestCases.NITICCreateQuoteTest">
    <skipped/>
  </testcase> <!-- @BeforeMethod Login -->
  <testcase name="@BeforeMethod setUp" time="0.0" classname="com.selenium.Test.BaseSuite">
    <skipped/>
  </testcase> <!-- @BeforeMethod setUp -->
  <testcase name="@BeforeMethod Login" time="0.0" classname="NITICTestCases.NITICCreateQuoteTest">
    <skipped/>
  </testcase> <!-- @BeforeMethod Login -->
  <testcase name="@BeforeMethod setUp" time="0.0" classname="com.selenium.Test.BaseSuite">
    <skipped/>
  </testcase> <!-- @BeforeMethod setUp -->
  <testcase name="@BeforeMethod Login" time="0.0" classname="NITICTestCases.NITICCreateQuoteTest">
    <skipped/>
  </testcase> <!-- @BeforeMethod Login -->
  <testcase name="@BeforeMethod setUp" time="0.0" classname="com.selenium.Test.BaseSuite">
    <skipped/>
  </testcase> <!-- @BeforeMethod setUp -->
  <testcase name="@BeforeMethod Login" time="0.0" classname="NITICTestCases.NITICCreateQuoteTest">
    <skipped/>
  </testcase> <!-- @BeforeMethod Login -->
  <testcase name="@BeforeMethod setUp" time="0.0" classname="com.selenium.Test.BaseSuite">
    <skipped/>
  </testcase> <!-- @BeforeMethod setUp -->
  <testcase name="@BeforeMethod Login" time="0.0" classname="NITICTestCases.NITICCreateQuoteTest">
    <skipped/>
  </testcase> <!-- @BeforeMethod Login -->
  <testcase name="@BeforeMethod setUp" time="0.0" classname="com.selenium.Test.BaseSuite">
    <skipped/>
  </testcase> <!-- @BeforeMethod setUp -->
  <testcase name="@BeforeMethod Login" time="0.0" classname="NITICTestCases.NITICCreateQuoteTest">
    <skipped/>
  </testcase> <!-- @BeforeMethod Login -->
  <testcase name="@BeforeMethod setUp" time="0.0" classname="com.selenium.Test.BaseSuite">
    <skipped/>
  </testcase> <!-- @BeforeMethod setUp -->
  <testcase name="@BeforeMethod Login" time="0.0" classname="NITICTestCases.NITICCreateQuoteTest">
    <skipped/>
  </testcase> <!-- @BeforeMethod Login -->
  <testcase name="@BeforeMethod setUp" time="0.0" classname="com.selenium.Test.BaseSuite">
    <skipped/>
  </testcase> <!-- @BeforeMethod setUp -->
  <testcase name="@BeforeMethod setUp" time="0.0" classname="com.selenium.Test.BaseSuite">
    <skipped/>
  </testcase> <!-- @BeforeMethod setUp -->
  <testcase name="@BeforeMethod setUp" time="0.0" classname="com.selenium.Test.BaseSuite">
    <skipped/>
  </testcase> <!-- @BeforeMethod setUp -->
  <testcase name="@BeforeMethod Login" time="0.0" classname="NITICTestCases.NITICCreateQuoteTest">
    <skipped/>
  </testcase> <!-- @BeforeMethod Login -->
  <testcase name="@BeforeMethod Login" time="0.0" classname="NITICTestCases.NITICCreateQuoteTest">
    <skipped/>
  </testcase> <!-- @BeforeMethod Login -->
  <testcase name="@BeforeMethod Login" time="0.0" classname="NITICTestCases.NITICCreateQuoteTest">
    <skipped/>
  </testcase> <!-- @BeforeMethod Login -->
  <testcase name="@BeforeMethod setUp" time="0.0" classname="com.selenium.Test.BaseSuite">
    <skipped/>
  </testcase> <!-- @BeforeMethod setUp -->
  <testcase name="@BeforeMethod Login" time="0.0" classname="NITICTestCases.NITICCreateQuoteTest">
    <skipped/>
  </testcase> <!-- @BeforeMethod Login -->
  <testcase name="@BeforeMethod setUp" time="0.0" classname="com.selenium.Test.BaseSuite">
    <skipped/>
  </testcase> <!-- @BeforeMethod setUp -->
  <testcase name="@BeforeMethod Login" time="0.0" classname="NITICTestCases.NITICCreateQuoteTest">
    <skipped/>
  </testcase> <!-- @BeforeMethod Login -->
  <testcase name="@BeforeMethod setUp" time="0.0" classname="com.selenium.Test.BaseSuite">
    <skipped/>
  </testcase> <!-- @BeforeMethod setUp -->
  <testcase name="@BeforeMethod Login" time="0.0" classname="NITICTestCases.NITICCreateQuoteTest">
    <skipped/>
  </testcase> <!-- @BeforeMethod Login -->
  <testcase name="@BeforeMethod setUp" time="0.673" classname="com.selenium.Test.BaseSuite">
    <failure type="org.openqa.selenium.SessionNotCreatedException" message="Unable to create new remote session. desired capabilities = Capabilities [{browserName=chrome, version=, platform=LINUX}], required capabilities = Capabilities [{}]
Build info: version: &amp;apos;3.0.1&amp;apos;, revision: &amp;apos;1969d75&amp;apos;, time: &amp;apos;2016-10-18 09:49:13 -0700&amp;apos;
System info: host: &amp;apos;C1128&amp;apos;, ip: &amp;apos;192.168.4.131&amp;apos;, os.name: &amp;apos;Windows 7&amp;apos;, os.arch: &amp;apos;amd64&amp;apos;, os.version: &amp;apos;6.1&amp;apos;, java.version: &amp;apos;1.8.0_73&amp;apos;
Driver info: driver.version: RemoteWebDriver">
      <![CDATA[org.openqa.selenium.SessionNotCreatedException: Unable to create new remote session. desired capabilities = Capabilities [{browserName=chrome, version=, platform=LINUX}], required capabilities = Capabilities [{}]Build info: version: '3.0.1', revision: '1969d75', time: '2016-10-18 09:49:13 -0700'System info: host: 'C1128', ip: '192.168.4.131', os.name: 'Windows 7', os.arch: 'amd64', os.version: '6.1', java.version: '1.8.0_73'Driver info: driver.version: RemoteWebDriverat org.openqa.selenium.remote.ProtocolHandshake.createSession(ProtocolHandshake.java:91)at org.openqa.selenium.remote.HttpCommandExecutor.execute(HttpCommandExecutor.java:141)at org.openqa.selenium.remote.RemoteWebDriver.execute(RemoteWebDriver.java:601)at org.openqa.selenium.remote.RemoteWebDriver.startSession(RemoteWebDriver.java:241)at org.openqa.selenium.remote.RemoteWebDriver.<init>(RemoteWebDriver.java:128)at org.openqa.selenium.remote.RemoteWebDriver.<init>(RemoteWebDriver.java:155)at com.selenium.Test.BaseSuite.launchRemoteBrowser(BaseSuite.java:112)at com.selenium.Test.BaseSuite.setUp(BaseSuite.java:38)at java.util.concurrent.FutureTask.run(FutureTask.java:266)at java.util.concurrent.Executors$RunnableAdapter.call(Executors.java:511)at java.util.concurrent.FutureTask.run(FutureTask.java:266)at java.util.concurrent.ThreadPoolExecutor.runWorker(ThreadPoolExecutor.java:1142)at java.util.concurrent.ThreadPoolExecutor$Worker.run(ThreadPoolExecutor.java:617)at java.lang.Thread.run(Thread.java:745)... Removed 12 stack frames]]>
    </failure>
  </testcase> <!-- @BeforeMethod setUp -->
  <testcase name="@BeforeMethod Login" time="0.0" classname="NITICTestCases.NITICCreateQuoteTest">
    <skipped/>
  </testcase> <!-- @BeforeMethod Login -->
  <testcase name="@BeforeMethod setUp" time="0.68" classname="com.selenium.Test.BaseSuite">
    <failure type="org.openqa.selenium.SessionNotCreatedException" message="Unable to create new remote session. desired capabilities = Capabilities [{browserName=chrome, version=, platform=LINUX}], required capabilities = Capabilities [{}]
Build info: version: &amp;apos;3.0.1&amp;apos;, revision: &amp;apos;1969d75&amp;apos;, time: &amp;apos;2016-10-18 09:49:13 -0700&amp;apos;
System info: host: &amp;apos;C1128&amp;apos;, ip: &amp;apos;192.168.4.131&amp;apos;, os.name: &amp;apos;Windows 7&amp;apos;, os.arch: &amp;apos;amd64&amp;apos;, os.version: &amp;apos;6.1&amp;apos;, java.version: &amp;apos;1.8.0_73&amp;apos;
Driver info: driver.version: RemoteWebDriver">
      <![CDATA[org.openqa.selenium.SessionNotCreatedException: Unable to create new remote session. desired capabilities = Capabilities [{browserName=chrome, version=, platform=LINUX}], required capabilities = Capabilities [{}]Build info: version: '3.0.1', revision: '1969d75', time: '2016-10-18 09:49:13 -0700'System info: host: 'C1128', ip: '192.168.4.131', os.name: 'Windows 7', os.arch: 'amd64', os.version: '6.1', java.version: '1.8.0_73'Driver info: driver.version: RemoteWebDriverat org.openqa.selenium.remote.ProtocolHandshake.createSession(ProtocolHandshake.java:91)at org.openqa.selenium.remote.HttpCommandExecutor.execute(HttpCommandExecutor.java:141)at org.openqa.selenium.remote.RemoteWebDriver.execute(RemoteWebDriver.java:601)at org.openqa.selenium.remote.RemoteWebDriver.startSession(RemoteWebDriver.java:241)at org.openqa.selenium.remote.RemoteWebDriver.<init>(RemoteWebDriver.java:128)at org.openqa.selenium.remote.RemoteWebDriver.<init>(RemoteWebDriver.java:155)at com.selenium.Test.BaseSuite.launchRemoteBrowser(BaseSuite.java:112)at com.selenium.Test.BaseSuite.setUp(BaseSuite.java:38)at java.util.concurrent.FutureTask.run(FutureTask.java:266)at java.util.concurrent.Executors$RunnableAdapter.call(Executors.java:511)at java.util.concurrent.FutureTask.run(FutureTask.java:266)at java.util.concurrent.ThreadPoolExecutor.runWorker(ThreadPoolExecutor.java:1142)at java.util.concurrent.ThreadPoolExecutor$Worker.run(ThreadPoolExecutor.java:617)at java.lang.Thread.run(Thread.java:745)... Removed 12 stack frames]]>
    </failure>
  </testcase> <!-- @BeforeMethod setUp -->
  <testcase name="@BeforeMethod setUp" time="0.688" classname="com.selenium.Test.BaseSuite">
    <failure type="org.openqa.selenium.SessionNotCreatedException" message="Unable to create new remote session. desired capabilities = Capabilities [{browserName=chrome, version=, platform=LINUX}], required capabilities = Capabilities [{}]
Build info: version: &amp;apos;3.0.1&amp;apos;, revision: &amp;apos;1969d75&amp;apos;, time: &amp;apos;2016-10-18 09:49:13 -0700&amp;apos;
System info: host: &amp;apos;C1128&amp;apos;, ip: &amp;apos;192.168.4.131&amp;apos;, os.name: &amp;apos;Windows 7&amp;apos;, os.arch: &amp;apos;amd64&amp;apos;, os.version: &amp;apos;6.1&amp;apos;, java.version: &amp;apos;1.8.0_73&amp;apos;
Driver info: driver.version: RemoteWebDriver">
      <![CDATA[org.openqa.selenium.SessionNotCreatedException: Unable to create new remote session. desired capabilities = Capabilities [{browserName=chrome, version=, platform=LINUX}], required capabilities = Capabilities [{}]Build info: version: '3.0.1', revision: '1969d75', time: '2016-10-18 09:49:13 -0700'System info: host: 'C1128', ip: '192.168.4.131', os.name: 'Windows 7', os.arch: 'amd64', os.version: '6.1', java.version: '1.8.0_73'Driver info: driver.version: RemoteWebDriverat org.openqa.selenium.remote.ProtocolHandshake.createSession(ProtocolHandshake.java:91)at org.openqa.selenium.remote.HttpCommandExecutor.execute(HttpCommandExecutor.java:141)at org.openqa.selenium.remote.RemoteWebDriver.execute(RemoteWebDriver.java:601)at org.openqa.selenium.remote.RemoteWebDriver.startSession(RemoteWebDriver.java:241)at org.openqa.selenium.remote.RemoteWebDriver.<init>(RemoteWebDriver.java:128)at org.openqa.selenium.remote.RemoteWebDriver.<init>(RemoteWebDriver.java:155)at com.selenium.Test.BaseSuite.launchRemoteBrowser(BaseSuite.java:112)at com.selenium.Test.BaseSuite.setUp(BaseSuite.java:38)at java.util.concurrent.FutureTask.run(FutureTask.java:266)at java.util.concurrent.Executors$RunnableAdapter.call(Executors.java:511)at java.util.concurrent.FutureTask.run(FutureTask.java:266)at java.util.concurrent.ThreadPoolExecutor.runWorker(ThreadPoolExecutor.java:1142)at java.util.concurrent.ThreadPoolExecutor$Worker.run(ThreadPoolExecutor.java:617)at java.lang.Thread.run(Thread.java:745)... Removed 12 stack frames]]>
    </failure>
  </testcase> <!-- @BeforeMethod setUp -->
  <testcase name="@BeforeMethod Login" time="0.0" classname="NITICTestCases.NITICCreateQuoteTest">
    <skipped/>
  </testcase> <!-- @BeforeMethod Login -->
  <testcase name="@BeforeMethod Login" time="0.0" classname="NITICTestCases.NITICCreateQuoteTest">
    <skipped/>
  </testcase> <!-- @BeforeMethod Login -->
  <testcase name="@BeforeMethod setUp" time="0.691" classname="com.selenium.Test.BaseSuite">
    <failure type="org.openqa.selenium.SessionNotCreatedException" message="Unable to create new remote session. desired capabilities = Capabilities [{browserName=chrome, version=, platform=LINUX}], required capabilities = Capabilities [{}]
Build info: version: &amp;apos;3.0.1&amp;apos;, revision: &amp;apos;1969d75&amp;apos;, time: &amp;apos;2016-10-18 09:49:13 -0700&amp;apos;
System info: host: &amp;apos;C1128&amp;apos;, ip: &amp;apos;192.168.4.131&amp;apos;, os.name: &amp;apos;Windows 7&amp;apos;, os.arch: &amp;apos;amd64&amp;apos;, os.version: &amp;apos;6.1&amp;apos;, java.version: &amp;apos;1.8.0_73&amp;apos;
Driver info: driver.version: RemoteWebDriver">
      <![CDATA[org.openqa.selenium.SessionNotCreatedException: Unable to create new remote session. desired capabilities = Capabilities [{browserName=chrome, version=, platform=LINUX}], required capabilities = Capabilities [{}]Build info: version: '3.0.1', revision: '1969d75', time: '2016-10-18 09:49:13 -0700'System info: host: 'C1128', ip: '192.168.4.131', os.name: 'Windows 7', os.arch: 'amd64', os.version: '6.1', java.version: '1.8.0_73'Driver info: driver.version: RemoteWebDriverat org.openqa.selenium.remote.ProtocolHandshake.createSession(ProtocolHandshake.java:91)at org.openqa.selenium.remote.HttpCommandExecutor.execute(HttpCommandExecutor.java:141)at org.openqa.selenium.remote.RemoteWebDriver.execute(RemoteWebDriver.java:601)at org.openqa.selenium.remote.RemoteWebDriver.startSession(RemoteWebDriver.java:241)at org.openqa.selenium.remote.RemoteWebDriver.<init>(RemoteWebDriver.java:128)at org.openqa.selenium.remote.RemoteWebDriver.<init>(RemoteWebDriver.java:155)at com.selenium.Test.BaseSuite.launchRemoteBrowser(BaseSuite.java:112)at com.selenium.Test.BaseSuite.setUp(BaseSuite.java:38)at java.util.concurrent.FutureTask.run(FutureTask.java:266)at java.util.concurrent.Executors$RunnableAdapter.call(Executors.java:511)at java.util.concurrent.FutureTask.run(FutureTask.java:266)at java.util.concurrent.ThreadPoolExecutor.runWorker(ThreadPoolExecutor.java:1142)at java.util.concurrent.ThreadPoolExecutor$Worker.run(ThreadPoolExecutor.java:617)at java.lang.Thread.run(Thread.java:745)... Removed 12 stack frames]]>
    </failure>
  </testcase> <!-- @BeforeMethod setUp -->
  <testcase name="@BeforeMethod Login" time="0.0" classname="NITICTestCases.NITICCreateQuoteTest">
    <skipped/>
  </testcase> <!-- @BeforeMethod Login -->
  <testcase name="@BeforeMethod setUp" time="0.696" classname="com.selenium.Test.BaseSuite">
    <failure type="org.openqa.selenium.SessionNotCreatedException" message="Unable to create new remote session. desired capabilities = Capabilities [{browserName=chrome, version=, platform=LINUX}], required capabilities = Capabilities [{}]
Build info: version: &amp;apos;3.0.1&amp;apos;, revision: &amp;apos;1969d75&amp;apos;, time: &amp;apos;2016-10-18 09:49:13 -0700&amp;apos;
System info: host: &amp;apos;C1128&amp;apos;, ip: &amp;apos;192.168.4.131&amp;apos;, os.name: &amp;apos;Windows 7&amp;apos;, os.arch: &amp;apos;amd64&amp;apos;, os.version: &amp;apos;6.1&amp;apos;, java.version: &amp;apos;1.8.0_73&amp;apos;
Driver info: driver.version: RemoteWebDriver">
      <![CDATA[org.openqa.selenium.SessionNotCreatedException: Unable to create new remote session. desired capabilities = Capabilities [{browserName=chrome, version=, platform=LINUX}], required capabilities = Capabilities [{}]Build info: version: '3.0.1', revision: '1969d75', time: '2016-10-18 09:49:13 -0700'System info: host: 'C1128', ip: '192.168.4.131', os.name: 'Windows 7', os.arch: 'amd64', os.version: '6.1', java.version: '1.8.0_73'Driver info: driver.version: RemoteWebDriverat org.openqa.selenium.remote.ProtocolHandshake.createSession(ProtocolHandshake.java:91)at org.openqa.selenium.remote.HttpCommandExecutor.execute(HttpCommandExecutor.java:141)at org.openqa.selenium.remote.RemoteWebDriver.execute(RemoteWebDriver.java:601)at org.openqa.selenium.remote.RemoteWebDriver.startSession(RemoteWebDriver.java:241)at org.openqa.selenium.remote.RemoteWebDriver.<init>(RemoteWebDriver.java:128)at org.openqa.selenium.remote.RemoteWebDriver.<init>(RemoteWebDriver.java:155)at com.selenium.Test.BaseSuite.launchRemoteBrowser(BaseSuite.java:112)at com.selenium.Test.BaseSuite.setUp(BaseSuite.java:38)at java.util.concurrent.FutureTask.run(FutureTask.java:266)at java.util.concurrent.Executors$RunnableAdapter.call(Executors.java:511)at java.util.concurrent.FutureTask.run(FutureTask.java:266)at java.util.concurrent.ThreadPoolExecutor.runWorker(ThreadPoolExecutor.java:1142)at java.util.concurrent.ThreadPoolExecutor$Worker.run(ThreadPoolExecutor.java:617)at java.lang.Thread.run(Thread.java:745)... Removed 12 stack frames]]>
    </failure>
  </testcase> <!-- @BeforeMethod setUp -->
  <testcase name="@BeforeMethod Login" time="0.0" classname="NITICTestCases.NITICCreateQuoteTest">
    <skipped/>
  </testcase> <!-- @BeforeMethod Login -->
  <testcase name="@BeforeMethod setUp" time="0.696" classname="com.selenium.Test.BaseSuite">
    <failure type="org.openqa.selenium.SessionNotCreatedException" message="Unable to create new remote session. desired capabilities = Capabilities [{browserName=chrome, version=, platform=LINUX}], required capabilities = Capabilities [{}]
Build info: version: &amp;apos;3.0.1&amp;apos;, revision: &amp;apos;1969d75&amp;apos;, time: &amp;apos;2016-10-18 09:49:13 -0700&amp;apos;
System info: host: &amp;apos;C1128&amp;apos;, ip: &amp;apos;192.168.4.131&amp;apos;, os.name: &amp;apos;Windows 7&amp;apos;, os.arch: &amp;apos;amd64&amp;apos;, os.version: &amp;apos;6.1&amp;apos;, java.version: &amp;apos;1.8.0_73&amp;apos;
Driver info: driver.version: RemoteWebDriver">
      <![CDATA[org.openqa.selenium.SessionNotCreatedException: Unable to create new remote session. desired capabilities = Capabilities [{browserName=chrome, version=, platform=LINUX}], required capabilities = Capabilities [{}]Build info: version: '3.0.1', revision: '1969d75', time: '2016-10-18 09:49:13 -0700'System info: host: 'C1128', ip: '192.168.4.131', os.name: 'Windows 7', os.arch: 'amd64', os.version: '6.1', java.version: '1.8.0_73'Driver info: driver.version: RemoteWebDriverat org.openqa.selenium.remote.ProtocolHandshake.createSession(ProtocolHandshake.java:91)at org.openqa.selenium.remote.HttpCommandExecutor.execute(HttpCommandExecutor.java:141)at org.openqa.selenium.remote.RemoteWebDriver.execute(RemoteWebDriver.java:601)at org.openqa.selenium.remote.RemoteWebDriver.startSession(RemoteWebDriver.java:241)at org.openqa.selenium.remote.RemoteWebDriver.<init>(RemoteWebDriver.java:128)at org.openqa.selenium.remote.RemoteWebDriver.<init>(RemoteWebDriver.java:155)at com.selenium.Test.BaseSuite.launchRemoteBrowser(BaseSuite.java:112)at com.selenium.Test.BaseSuite.setUp(BaseSuite.java:38)at java.util.concurrent.FutureTask.run(FutureTask.java:266)at java.util.concurrent.Executors$RunnableAdapter.call(Executors.java:511)at java.util.concurrent.FutureTask.run(FutureTask.java:266)at java.util.concurrent.ThreadPoolExecutor.runWorker(ThreadPoolExecutor.java:1142)at java.util.concurrent.ThreadPoolExecutor$Worker.run(ThreadPoolExecutor.java:617)at java.lang.Thread.run(Thread.java:745)... Removed 12 stack frames]]>
    </failure>
  </testcase> <!-- @BeforeMethod setUp -->
  <testcase name="@BeforeMethod Login" time="0.0" classname="NITICTestCases.NITICCreateQuoteTest">
    <skipped/>
  </testcase> <!-- @BeforeMethod Login -->
  <testcase name="@AfterClass tearDown" time="0.0" classname="com.selenium.Test.BaseSuite">
    <skipped/>
  </testcase> <!-- @AfterClass tearDown -->
  <testcase name="createQuote" time="0.0" classname="NITICTestCases.NITICCreateQuoteTest">
    <skipped/>
  </testcase> <!-- createQuote -->
  <testcase name="createQuote" time="0.0" classname="NITICTestCases.NITICCreateQuoteTest">
    <skipped/>
  </testcase> <!-- createQuote -->
  <testcase name="createQuote" time="0.0" classname="NITICTestCases.NITICCreateQuoteTest">
    <skipped/>
  </testcase> <!-- createQuote -->
  <testcase name="createQuote" time="0.0" classname="NITICTestCases.NITICCreateQuoteTest">
    <skipped/>
  </testcase> <!-- createQuote -->
  <testcase name="createQuote" time="0.0" classname="NITICTestCases.NITICCreateQuoteTest">
    <skipped/>
  </testcase> <!-- createQuote -->
  <testcase name="createQuote" time="0.0" classname="NITICTestCases.NITICCreateQuoteTest">
    <skipped/>
  </testcase> <!-- createQuote -->
  <testcase name="createQuote" time="0.0" classname="NITICTestCases.NITICCreateQuoteTest">
    <skipped/>
  </testcase> <!-- createQuote -->
  <testcase name="createQuote" time="0.0" classname="NITICTestCases.NITICCreateQuoteTest">
    <skipped/>
  </testcase> <!-- createQuote -->
  <testcase name="createQuote" time="0.0" classname="NITICTestCases.NITICCreateQuoteTest">
    <skipped/>
  </testcase> <!-- createQuote -->
  <testcase name="createQuote" time="0.0" classname="NITICTestCases.NITICCreateQuoteTest">
    <skipped/>
  </testcase> <!-- createQuote -->
  <testcase name="createQuote" time="0.0" classname="NITICTestCases.NITICCreateQuoteTest">
    <skipped/>
  </testcase> <!-- createQuote -->
  <testcase name="createQuote" time="0.0" classname="NITICTestCases.NITICCreateQuoteTest">
    <skipped/>
  </testcase> <!-- createQuote -->
  <testcase name="createQuote" time="0.0" classname="NITICTestCases.NITICCreateQuoteTest">
    <skipped/>
  </testcase> <!-- createQuote -->
  <testcase name="createQuote" time="0.0" classname="NITICTestCases.NITICCreateQuoteTest">
    <skipped/>
  </testcase> <!-- createQuote -->
  <testcase name="createQuote" time="0.0" classname="NITICTestCases.NITICCreateQuoteTest">
    <skipped/>
  </testcase> <!-- createQuote -->
  <testcase name="createQuote" time="0.0" classname="NITICTestCases.NITICCreateQuoteTest">
    <skipped/>
  </testcase> <!-- createQuote -->
  <testcase name="createQuote" time="0.0" classname="NITICTestCases.NITICCreateQuoteTest">
    <skipped/>
  </testcase> <!-- createQuote -->
  <testcase name="createQuote" time="0.0" classname="NITICTestCases.NITICCreateQuoteTest">
    <skipped/>
  </testcase> <!-- createQuote -->
  <testcase name="createQuote" time="0.0" classname="NITICTestCases.NITICCreateQuoteTest">
    <skipped/>
  </testcase> <!-- createQuote -->
  <testcase name="createQuote" time="0.0" classname="NITICTestCases.NITICCreateQuoteTest">
    <skipped/>
  </testcase> <!-- createQuote -->
  <testcase name="createQuote" time="0.0" classname="NITICTestCases.NITICCreateQuoteTest">
    <skipped/>
  </testcase> <!-- createQuote -->
  <testcase name="createQuote" time="0.0" classname="NITICTestCases.NITICCreateQuoteTest">
    <skipped/>
  </testcase> <!-- createQuote -->
  <testcase name="createQuote" time="0.0" classname="NITICTestCases.NITICCreateQuoteTest">
    <skipped/>
  </testcase> <!-- createQuote -->
  <testcase name="createQuote" time="0.0" classname="NITICTestCases.NITICCreateQuoteTest">
    <skipped/>
  </testcase> <!-- createQuote -->
  <testcase name="createQuote" time="0.0" classname="NITICTestCases.NITICCreateQuoteTest">
    <skipped/>
  </testcase> <!-- createQuote -->
  <testcase name="createQuote" time="0.0" classname="NITICTestCases.NITICCreateQuoteTest">
    <skipped/>
  </testcase> <!-- createQuote -->
  <testcase name="createQuote" time="0.0" classname="NITICTestCases.NITICCreateQuoteTest">
    <skipped/>
  </testcase> <!-- createQuote -->
  <testcase name="createQuote" time="0.0" classname="NITICTestCases.NITICCreateQuoteTest">
    <skipped/>
  </testcase> <!-- createQuote -->
  <testcase name="createQuote" time="0.0" classname="NITICTestCases.NITICCreateQuoteTest">
    <skipped/>
  </testcase> <!-- createQuote -->
  <testcase name="createQuote" time="0.0" classname="NITICTestCases.NITICCreateQuoteTest">
    <skipped/>
  </testcase> <!-- createQuote -->
  <testcase name="createQuote" time="0.0" classname="NITICTestCases.NITICCreateQuoteTest">
    <skipped/>
  </testcase> <!-- createQuote -->
  <testcase name="createQuote" time="0.0" classname="NITICTestCases.NITICCreateQuoteTest">
    <skipped/>
  </testcase> <!-- createQuote -->
  <testcase name="createQuote" time="0.0" classname="NITICTestCases.NITICCreateQuoteTest">
    <skipped/>
  </testcase> <!-- createQuote -->
  <testcase name="createQuote" time="0.0" classname="NITICTestCases.NITICCreateQuoteTest">
    <skipped/>
  </testcase> <!-- createQuote -->
  <testcase name="createQuote" time="0.0" classname="NITICTestCases.NITICCreateQuoteTest">
    <skipped/>
  </testcase> <!-- createQuote -->
  <testcase name="createQuote" time="0.0" classname="NITICTestCases.NITICCreateQuoteTest">
    <skipped/>
  </testcase> <!-- createQuote -->
  <testcase name="createQuote" time="0.0" classname="NITICTestCases.NITICCreateQuoteTest">
    <skipped/>
  </testcase> <!-- createQuote -->
  <testcase name="createQuote" time="0.0" classname="NITICTestCases.NITICCreateQuoteTest">
    <skipped/>
  </testcase> <!-- createQuote -->
  <testcase name="createQuote" time="0.0" classname="NITICTestCases.NITICCreateQuoteTest">
    <skipped/>
  </testcase> <!-- createQuote -->
  <testcase name="createQuote" time="0.0" classname="NITICTestCases.NITICCreateQuoteTest">
    <skipped/>
  </testcase> <!-- createQuote -->
  <testcase name="createQuote" time="0.0" classname="NITICTestCases.NITICCreateQuoteTest">
    <skipped/>
  </testcase> <!-- createQuote -->
  <testcase name="createQuote" time="0.0" classname="NITICTestCases.NITICCreateQuoteTest">
    <skipped/>
  </testcase> <!-- createQuote -->
  <testcase name="createQuote" time="0.0" classname="NITICTestCases.NITICCreateQuoteTest">
    <skipped/>
  </testcase> <!-- createQuote -->
  <testcase name="createQuote" time="0.0" classname="NITICTestCases.NITICCreateQuoteTest">
    <skipped/>
  </testcase> <!-- createQuote -->
  <testcase name="createQuote" time="0.0" classname="NITICTestCases.NITICCreateQuoteTest">
    <skipped/>
  </testcase> <!-- createQuote -->
  <testcase name="createQuote" time="0.0" classname="NITICTestCases.NITICCreateQuoteTest">
    <skipped/>
  </testcase> <!-- createQuote -->
  <testcase name="createQuote" time="0.0" classname="NITICTestCases.NITICCreateQuoteTest">
    <skipped/>
  </testcase> <!-- createQuote -->
  <testcase name="createQuote" time="0.0" classname="NITICTestCases.NITICCreateQuoteTest">
    <skipped/>
  </testcase> <!-- createQuote -->
  <testcase name="createQuote" time="0.0" classname="NITICTestCases.NITICCreateQuoteTest">
    <skipped/>
  </testcase> <!-- createQuote -->
  <testcase name="createQuote" time="0.0" classname="NITICTestCases.NITICCreateQuoteTest">
    <skipped/>
  </testcase> <!-- createQuote -->
  <testcase name="createQuote" time="0.0" classname="NITICTestCases.NITICCreateQuoteTest">
    <skipped/>
  </testcase> <!-- createQuote -->
</testsuite> <!-- Test1 -->
